{"/Users/kixixixixi/Documents/Develop/Project/kenken/housing-maintenance-management/lib/geo.ts": {"path":"/Users/kixixixixi/Documents/Develop/Project/kenken/housing-maintenance-management/lib/geo.ts","statementMap":{"0":{"start":{"line":3,"column":29},"end":{"line":20,"column":null}},"1":{"start":{"line":10,"column":19},"end":{"line":12,"column":null}},"2":{"start":{"line":13,"column":2},"end":{"line":19,"column":null}},"3":{"start":{"line":14,"column":26},"end":{"line":17,"column":null}},"4":{"start":{"line":18,"column":4},"end":{"line":18,"column":null}},"5":{"start":{"line":22,"column":38},"end":{"line":59,"column":null}},"6":{"start":{"line":27,"column":19},"end":{"line":34,"column":null}},"7":{"start":{"line":35,"column":2},"end":{"line":58,"column":null}},"8":{"start":{"line":36,"column":23},"end":{"line":52,"column":null}},"9":{"start":{"line":54,"column":4},"end":{"line":57,"column":null}},"10":{"start":{"line":55,"column":24},"end":{"line":55,"column":null}},"11":{"start":{"line":56,"column":6},"end":{"line":56,"column":null}}},"fnMap":{"0":{"name":"(anonymous_0)","decl":{"start":{"line":3,"column":29},"end":{"line":3,"column":36}},"loc":{"start":{"line":9,"column":35},"end":{"line":20,"column":null}},"line":9},"1":{"name":"(anonymous_1)","decl":{"start":{"line":22,"column":38},"end":{"line":22,"column":45}},"loc":{"start":{"line":26,"column":68},"end":{"line":59,"column":null}},"line":26}},"branchMap":{"0":{"loc":{"start":{"line":13,"column":2},"end":{"line":19,"column":null}},"type":"if","locations":[{"start":{"line":13,"column":2},"end":{"line":19,"column":null}},{"start":{},"end":{}}],"line":13},"1":{"loc":{"start":{"line":35,"column":2},"end":{"line":58,"column":null}},"type":"if","locations":[{"start":{"line":35,"column":2},"end":{"line":58,"column":null}},{"start":{},"end":{}}],"line":35},"2":{"loc":{"start":{"line":54,"column":4},"end":{"line":57,"column":null}},"type":"if","locations":[{"start":{"line":54,"column":4},"end":{"line":57,"column":null}},{"start":{},"end":{}}],"line":54}},"s":{"0":1,"1":2,"2":2,"3":1,"4":1,"5":1,"6":3,"7":3,"8":2,"9":2,"10":1,"11":1},"f":{"0":2,"1":3},"b":{"0":[1,1],"1":[2,1],"2":[1,1]},"meta":{"lastBranch":3,"lastFunction":2,"lastStatement":12,"seen":{"s:3:29:20:Infinity":0,"f:3:29:3:36":0,"s:10:19:12:Infinity":1,"b:13:2:19:Infinity:undefined:undefined:undefined:undefined":0,"s:13:2:19:Infinity":2,"s:14:26:17:Infinity":3,"s:18:4:18:Infinity":4,"s:22:38:59:Infinity":5,"f:22:38:22:45":1,"s:27:19:34:Infinity":6,"b:35:2:58:Infinity:undefined:undefined:undefined:undefined":1,"s:35:2:58:Infinity":7,"s:36:23:52:Infinity":8,"b:54:4:57:Infinity:undefined:undefined:undefined:undefined":2,"s:54:4:57:Infinity":9,"s:55:24:55:Infinity":10,"s:56:6:56:Infinity":11}}}
,"/Users/kixixixixi/Documents/Develop/Project/kenken/housing-maintenance-management/lib/store.ts": {"path":"/Users/kixixixixi/Documents/Develop/Project/kenken/housing-maintenance-management/lib/store.ts","statementMap":{"0":{"start":{"line":3,"column":13},"end":{"line":9,"column":null}},"1":{"start":{"line":6,"column":13},"end":{"line":9,"column":2}},"2":{"start":{"line":8,"column":28},"end":{"line":8,"column":null}}},"fnMap":{"0":{"name":"(anonymous_0)","decl":{"start":{"line":6,"column":3},"end":{"line":6,"column":4}},"loc":{"start":{"line":6,"column":13},"end":{"line":9,"column":2}},"line":6},"1":{"name":"(anonymous_1)","decl":{"start":{"line":8,"column":11},"end":{"line":8,"column":12}},"loc":{"start":{"line":8,"column":28},"end":{"line":8,"column":null}},"line":8}},"branchMap":{},"s":{"0":1,"1":1,"2":5},"f":{"0":1,"1":5},"b":{},"meta":{"lastBranch":0,"lastFunction":2,"lastStatement":3,"seen":{"s:3:13:9:Infinity":0,"f:6:3:6:4":0,"s:6:13:9:2":1,"f:8:11:8:12":1,"s:8:28:8:Infinity":2}}}
,"/Users/kixixixixi/Documents/Develop/Project/kenken/housing-maintenance-management/lib/text.ts": {"path":"/Users/kixixixixi/Documents/Develop/Project/kenken/housing-maintenance-management/lib/text.ts","statementMap":{"0":{"start":{"line":3,"column":20},"end":{"line":3,"column":null}},"1":{"start":{"line":3,"column":21},"end":{"line":3,"column":null}},"2":{"start":{"line":5,"column":35},"end":{"line":14,"column":null}},"3":{"start":{"line":6,"column":2},"end":{"line":14,"column":null}}},"fnMap":{"0":{"name":"(anonymous_0)","decl":{"start":{"line":3,"column":20},"end":{"line":3,"column":21}},"loc":{"start":{"line":3,"column":21},"end":{"line":3,"column":null}},"line":3},"1":{"name":"(anonymous_1)","decl":{"start":{"line":5,"column":35},"end":{"line":5,"column":36}},"loc":{"start":{"line":6,"column":2},"end":{"line":14,"column":null}},"line":6}},"branchMap":{},"s":{"0":2,"1":174,"2":2,"3":168},"f":{"0":174,"1":168},"b":{},"meta":{"lastBranch":0,"lastFunction":2,"lastStatement":4,"seen":{"s:3:20:3:Infinity":0,"f:3:20:3:21":0,"s:3:21:3:Infinity":1,"s:5:35:14:Infinity":2,"f:5:35:5:36":1,"s:6:2:14:Infinity":3}}}
,"/Users/kixixixixi/Documents/Develop/Project/kenken/housing-maintenance-management/lib/constants/check-list.ts": {"path":"/Users/kixixixixi/Documents/Develop/Project/kenken/housing-maintenance-management/lib/constants/check-list.ts","statementMap":{"0":{"start":{"line":1,"column":49},"end":{"line":1298,"column":null}}},"fnMap":{},"branchMap":{},"s":{"0":1},"f":{},"b":{},"meta":{"lastBranch":0,"lastFunction":0,"lastStatement":1,"seen":{"s:1:49:1298:Infinity":0}}}
,"/Users/kixixixixi/Documents/Develop/Project/kenken/housing-maintenance-management/lib/models/index.ts": {"path":"/Users/kixixixixi/Documents/Develop/Project/kenken/housing-maintenance-management/lib/models/index.ts","statementMap":{"0":{"start":{"line":3,"column":21},"end":{"line":23,"column":null}},"1":{"start":{"line":9,"column":7},"end":{"line":23,"column":null}},"2":{"start":{"line":11,"column":4},"end":{"line":11,"column":null}},"3":{"start":{"line":14,"column":17},"end":{"line":17,"column":null}},"4":{"start":{"line":18,"column":4},"end":{"line":18,"column":null}},"5":{"start":{"line":22,"column":4},"end":{"line":22,"column":null}}},"fnMap":{"0":{"name":"(anonymous_0)","decl":{"start":{"line":3,"column":21},"end":{"line":3,"column":25}},"loc":{"start":{"line":9,"column":7},"end":{"line":23,"column":null}},"line":9},"1":{"name":"(anonymous_1)","decl":{"start":{"line":10,"column":9},"end":{"line":10,"column":null}},"loc":{"start":{"line":11,"column":4},"end":{"line":11,"column":null}},"line":11},"2":{"name":"(anonymous_2)","decl":{"start":{"line":13,"column":8},"end":{"line":13,"column":15}},"loc":{"start":{"line":13,"column":54},"end":{"line":19,"column":null}},"line":13},"3":{"name":"(anonymous_3)","decl":{"start":{"line":21,"column":10},"end":{"line":21,"column":17}},"loc":{"start":{"line":22,"column":4},"end":{"line":22,"column":null}},"line":22}},"branchMap":{"0":{"loc":{"start":{"line":18,"column":11},"end":{"line":18,"column":null}},"type":"binary-expr","locations":[{"start":{"line":18,"column":11},"end":{"line":18,"column":22}},{"start":{"line":18,"column":22},"end":{"line":18,"column":null}}],"line":18}},"s":{"0":1,"1":4,"2":1,"3":2,"4":2,"5":1},"f":{"0":4,"1":1,"2":2,"3":1},"b":{"0":[2,1]},"meta":{"lastBranch":1,"lastFunction":4,"lastStatement":6,"seen":{"s:3:21:23:Infinity":0,"f:3:21:3:25":0,"s:9:7:23:Infinity":1,"f:10:9:10:Infinity":1,"s:11:4:11:Infinity":2,"f:13:8:13:15":2,"s:14:17:17:Infinity":3,"s:18:4:18:Infinity":4,"b:18:11:18:22:18:22:18:Infinity":0,"f:21:10:21:17":3,"s:22:4:22:Infinity":5}}}
}
